  [1m[35m (7.6ms)[0m  [1m[35mCREATE TABLE "schema_migrations" ("version" character varying NOT NULL PRIMARY KEY)[0m
  [1m[35m (5.8ms)[0m  [1m[35mCREATE TABLE "ar_internal_metadata" ("key" character varying NOT NULL PRIMARY KEY, "value" character varying, "created_at" timestamp NOT NULL, "updated_at" timestamp NOT NULL)[0m
  [1m[35m (0.2ms)[0m  [1m[34mSELECT pg_try_advisory_lock(4709995827031202925)[0m
  [1m[35m (0.5ms)[0m  [1m[34mSELECT "schema_migrations"."version" FROM "schema_migrations" ORDER BY "schema_migrations"."version" ASC[0m
  [1m[36mActiveRecord::InternalMetadata Load (0.2ms)[0m  [1m[34mSELECT  "ar_internal_metadata".* FROM "ar_internal_metadata" WHERE "ar_internal_metadata"."key" = $1 LIMIT $2[0m  [["key", "environment"], ["LIMIT", 1]]
  [1m[35m (0.1ms)[0m  [1m[35mBEGIN[0m
  [1m[35mSQL (0.3ms)[0m  [1m[32mINSERT INTO "ar_internal_metadata" ("key", "value", "created_at", "updated_at") VALUES ($1, $2, $3, $4) RETURNING "key"[0m  [["key", "environment"], ["value", "development"], ["created_at", "2017-10-22 10:53:21.740386"], ["updated_at", "2017-10-22 10:53:21.740386"]]
  [1m[35m (1.0ms)[0m  [1m[35mCOMMIT[0m
  [1m[35m (0.3ms)[0m  [1m[34mSELECT pg_advisory_unlock(4709995827031202925)[0m
  [1m[35m (0.4ms)[0m  [1m[34mSELECT "schema_migrations"."version" FROM "schema_migrations" ORDER BY "schema_migrations"."version" ASC[0m
  [1m[35m (0.2ms)[0m  [1m[34mSELECT pg_try_advisory_lock(4709995827031202925)[0m
  [1m[35m (0.5ms)[0m  [1m[34mSELECT "schema_migrations"."version" FROM "schema_migrations" ORDER BY "schema_migrations"."version" ASC[0m
Migrating to CreateMessages (20171022110157)
  [1m[35m (0.2ms)[0m  [1m[35mBEGIN[0m
  [1m[35m (7.5ms)[0m  [1m[35mCREATE TABLE "messages" ("id" bigserial primary key, "content" character varying, "created_at" timestamp NOT NULL, "updated_at" timestamp NOT NULL)[0m
  [1m[35mSQL (0.5ms)[0m  [1m[32mINSERT INTO "schema_migrations" ("version") VALUES ($1) RETURNING "version"[0m  [["version", "20171022110157"]]
  [1m[35m (1.5ms)[0m  [1m[35mCOMMIT[0m
  [1m[36mActiveRecord::InternalMetadata Load (0.5ms)[0m  [1m[34mSELECT  "ar_internal_metadata".* FROM "ar_internal_metadata" WHERE "ar_internal_metadata"."key" = $1 LIMIT $2[0m  [["key", "environment"], ["LIMIT", 1]]
  [1m[35m (0.1ms)[0m  [1m[35mBEGIN[0m
  [1m[35m (0.2ms)[0m  [1m[35mCOMMIT[0m
  [1m[35m (0.2ms)[0m  [1m[34mSELECT pg_advisory_unlock(4709995827031202925)[0m
  [1m[35m (0.3ms)[0m  [1m[34mSELECT "schema_migrations"."version" FROM "schema_migrations" ORDER BY "schema_migrations"."version" ASC[0m
Started GET "/messages" for 127.0.0.1 at 2017-10-22 13:31:06 +0200
  [1m[35m (0.7ms)[0m  [1m[34mSELECT "schema_migrations"."version" FROM "schema_migrations" ORDER BY "schema_migrations"."version" ASC[0m
Processing by MessagesController#index as */*
  [1m[36mMessage Load (0.5ms)[0m  [1m[34mSELECT "messages".* FROM "messages"[0m
Completed 200 OK in 13ms (Views: 1.8ms | ActiveRecord: 1.8ms)


Started POST "/messages" for 127.0.0.1 at 2017-10-22 13:31:25 +0200
Processing by MessagesController#create as JSON
  Parameters: {"content"=>"Hello, World", "message"=>{"content"=>"Hello, World"}}
Unpermitted parameter: :message
  [1m[35m (0.2ms)[0m  [1m[35mBEGIN[0m
  [1m[35mSQL (0.8ms)[0m  [1m[32mINSERT INTO "messages" ("content", "created_at", "updated_at") VALUES ($1, $2, $3) RETURNING "id"[0m  [["content", "Hello, World"], ["created_at", "2017-10-22 11:31:25.848476"], ["updated_at", "2017-10-22 11:31:25.848476"]]
  [1m[35m (14.2ms)[0m  [1m[35mCOMMIT[0m
Completed 201 Created in 25ms (Views: 0.5ms | ActiveRecord: 23.5ms)


  [1m[35mSQL (0.3ms)[0m  [1m[35mCREATE EXTENSION IF NOT EXISTS "plpgsql"[0m
  [1m[35m (0.7ms)[0m  [1m[35mDROP TABLE IF EXISTS "messages" CASCADE[0m
  [1m[35m (13.3ms)[0m  [1m[35mCREATE TABLE "messages" ("id" bigserial primary key, "content" character varying, "created_at" timestamp NOT NULL, "updated_at" timestamp NOT NULL)[0m
  [1m[35m (9.1ms)[0m  [1m[35mCREATE TABLE "schema_migrations" ("version" character varying NOT NULL PRIMARY KEY)[0m
  [1m[35m (0.5ms)[0m  [1m[34mSELECT "schema_migrations"."version" FROM "schema_migrations" ORDER BY "schema_migrations"."version" ASC[0m
  [1m[35m (2.2ms)[0m  [1m[32mINSERT INTO "schema_migrations" (version) VALUES (20171022110157)[0m
  [1m[35m (12.5ms)[0m  [1m[35mCREATE TABLE "ar_internal_metadata" ("key" character varying NOT NULL PRIMARY KEY, "value" character varying, "created_at" timestamp NOT NULL, "updated_at" timestamp NOT NULL)[0m
  [1m[36mActiveRecord::InternalMetadata Load (0.4ms)[0m  [1m[34mSELECT  "ar_internal_metadata".* FROM "ar_internal_metadata" WHERE "ar_internal_metadata"."key" = $1 LIMIT $2[0m  [["key", "environment"], ["LIMIT", 1]]
  [1m[35m (0.2ms)[0m  [1m[35mBEGIN[0m
  [1m[35mSQL (0.4ms)[0m  [1m[32mINSERT INTO "ar_internal_metadata" ("key", "value", "created_at", "updated_at") VALUES ($1, $2, $3, $4) RETURNING "key"[0m  [["key", "environment"], ["value", "development"], ["created_at", "2017-10-28 23:27:44.840820"], ["updated_at", "2017-10-28 23:27:44.840820"]]
  [1m[35m (2.0ms)[0m  [1m[35mCOMMIT[0m
  [1m[36mActiveRecord::InternalMetadata Load (0.3ms)[0m  [1m[34mSELECT  "ar_internal_metadata".* FROM "ar_internal_metadata" WHERE "ar_internal_metadata"."key" = $1 LIMIT $2[0m  [["key", "environment"], ["LIMIT", 1]]
  [1m[35m (0.2ms)[0m  [1m[35mBEGIN[0m
  [1m[35m (0.2ms)[0m  [1m[35mCOMMIT[0m
  [1m[35mSQL (0.4ms)[0m  [1m[35mCREATE EXTENSION IF NOT EXISTS "plpgsql"[0m
  [1m[35m (0.9ms)[0m  [1m[35mDROP TABLE IF EXISTS "messages" CASCADE[0m
  [1m[35m (13.1ms)[0m  [1m[35mCREATE TABLE "messages" ("id" bigserial primary key, "content" character varying, "created_at" timestamp NOT NULL, "updated_at" timestamp NOT NULL)[0m
  [1m[35m (6.5ms)[0m  [1m[35mCREATE TABLE "schema_migrations" ("version" character varying NOT NULL PRIMARY KEY)[0m
  [1m[35m (0.6ms)[0m  [1m[34mSELECT "schema_migrations"."version" FROM "schema_migrations" ORDER BY "schema_migrations"."version" ASC[0m
  [1m[35m (1.5ms)[0m  [1m[32mINSERT INTO "schema_migrations" (version) VALUES (20171022110157)[0m
  [1m[35m (9.3ms)[0m  [1m[35mCREATE TABLE "ar_internal_metadata" ("key" character varying NOT NULL PRIMARY KEY, "value" character varying, "created_at" timestamp NOT NULL, "updated_at" timestamp NOT NULL)[0m
  [1m[36mActiveRecord::InternalMetadata Load (0.4ms)[0m  [1m[34mSELECT  "ar_internal_metadata".* FROM "ar_internal_metadata" WHERE "ar_internal_metadata"."key" = $1 LIMIT $2[0m  [["key", "environment"], ["LIMIT", 1]]
  [1m[35m (0.1ms)[0m  [1m[35mBEGIN[0m
  [1m[35mSQL (0.4ms)[0m  [1m[32mINSERT INTO "ar_internal_metadata" ("key", "value", "created_at", "updated_at") VALUES ($1, $2, $3, $4) RETURNING "key"[0m  [["key", "environment"], ["value", "development"], ["created_at", "2017-10-28 23:27:44.903887"], ["updated_at", "2017-10-28 23:27:44.903887"]]
  [1m[35m (2.3ms)[0m  [1m[35mCOMMIT[0m
  [1m[36mActiveRecord::InternalMetadata Load (0.6ms)[0m  [1m[34mSELECT  "ar_internal_metadata".* FROM "ar_internal_metadata" WHERE "ar_internal_metadata"."key" = $1 LIMIT $2[0m  [["key", "environment"], ["LIMIT", 1]]
  [1m[35m (0.3ms)[0m  [1m[35mBEGIN[0m
  [1m[35m (0.3ms)[0m  [1m[35mCOMMIT[0m
  [1m[35m (1.5ms)[0m  [1m[34mSELECT "schema_migrations"."version" FROM "schema_migrations" ORDER BY "schema_migrations"."version" ASC[0m
  [1m[35m (0.5ms)[0m  [1m[34mSELECT "schema_migrations"."version" FROM "schema_migrations" ORDER BY "schema_migrations"."version" ASC[0m
  [1m[35m (0.3ms)[0m  [1m[34mSELECT "ar_internal_metadata"."value" FROM "ar_internal_metadata" WHERE "ar_internal_metadata"."key" = $1[0m  [["key", "environment"]]
  [1m[35m (0.2ms)[0m  [1m[34mSELECT "schema_migrations"."version" FROM "schema_migrations" ORDER BY "schema_migrations"."version" ASC[0m
  [1m[35m (0.2ms)[0m  [1m[34mSELECT "ar_internal_metadata"."value" FROM "ar_internal_metadata" WHERE "ar_internal_metadata"."key" = $1[0m  [["key", "environment"]]
  [1m[35m (0.2ms)[0m  [1m[34mSELECT "schema_migrations"."version" FROM "schema_migrations" ORDER BY "schema_migrations"."version" ASC[0m
  [1m[35m (0.2ms)[0m  [1m[34mSELECT "ar_internal_metadata"."value" FROM "ar_internal_metadata" WHERE "ar_internal_metadata"."key" = $1[0m  [["key", "environment"]]
  [1m[35mSQL (0.3ms)[0m  [1m[35mCREATE EXTENSION IF NOT EXISTS "plpgsql"[0m
  [1m[35m (2.4ms)[0m  [1m[35mDROP TABLE IF EXISTS "messages" CASCADE[0m
  [1m[35m (15.8ms)[0m  [1m[35mCREATE TABLE "messages" ("id" bigserial primary key, "content" character varying, "created_at" timestamp NOT NULL, "updated_at" timestamp NOT NULL)[0m
  [1m[35m (1.7ms)[0m  [1m[34mSELECT "schema_migrations"."version" FROM "schema_migrations" ORDER BY "schema_migrations"."version" ASC[0m
  [1m[36mActiveRecord::InternalMetadata Load (0.4ms)[0m  [1m[34mSELECT  "ar_internal_metadata".* FROM "ar_internal_metadata" WHERE "ar_internal_metadata"."key" = $1 LIMIT $2[0m  [["key", "environment"], ["LIMIT", 1]]
  [1m[35m (0.3ms)[0m  [1m[35mBEGIN[0m
  [1m[35m (0.1ms)[0m  [1m[35mCOMMIT[0m
  [1m[36mActiveRecord::InternalMetadata Load (0.3ms)[0m  [1m[34mSELECT  "ar_internal_metadata".* FROM "ar_internal_metadata" WHERE "ar_internal_metadata"."key" = $1 LIMIT $2[0m  [["key", "environment"], ["LIMIT", 1]]
  [1m[35m (0.2ms)[0m  [1m[35mBEGIN[0m
  [1m[35m (0.2ms)[0m  [1m[35mCOMMIT[0m
  [1m[35mSQL (0.2ms)[0m  [1m[35mCREATE EXTENSION IF NOT EXISTS "plpgsql"[0m
  [1m[35m (4.6ms)[0m  [1m[35mDROP TABLE IF EXISTS "messages" CASCADE[0m
  [1m[35m (14.9ms)[0m  [1m[35mCREATE TABLE "messages" ("id" bigserial primary key, "content" character varying, "created_at" timestamp NOT NULL, "updated_at" timestamp NOT NULL)[0m
  [1m[35m (1.6ms)[0m  [1m[34mSELECT "schema_migrations"."version" FROM "schema_migrations" ORDER BY "schema_migrations"."version" ASC[0m
  [1m[36mActiveRecord::InternalMetadata Load (0.7ms)[0m  [1m[34mSELECT  "ar_internal_metadata".* FROM "ar_internal_metadata" WHERE "ar_internal_metadata"."key" = $1 LIMIT $2[0m  [["key", "environment"], ["LIMIT", 1]]
  [1m[35m (0.7ms)[0m  [1m[35mBEGIN[0m
  [1m[35m (0.3ms)[0m  [1m[35mCOMMIT[0m
  [1m[36mActiveRecord::InternalMetadata Load (1.3ms)[0m  [1m[34mSELECT  "ar_internal_metadata".* FROM "ar_internal_metadata" WHERE "ar_internal_metadata"."key" = $1 LIMIT $2[0m  [["key", "environment"], ["LIMIT", 1]]
  [1m[35m (0.2ms)[0m  [1m[35mBEGIN[0m
  [1m[35m (0.5ms)[0m  [1m[35mCOMMIT[0m
Started GET "/messages" for 127.0.0.1 at 2017-10-29 02:36:32 +0200
  
ActiveRecord::NoDatabaseError (FATAL:  role "sfi" does not exist
):
  
activerecord (5.1.4) lib/active_record/connection_adapters/postgresql_adapter.rb:699:in `rescue in connect'
activerecord (5.1.4) lib/active_record/connection_adapters/postgresql_adapter.rb:695:in `connect'
activerecord (5.1.4) lib/active_record/connection_adapters/postgresql_adapter.rb:220:in `initialize'
activerecord (5.1.4) lib/active_record/connection_adapters/postgresql_adapter.rb:38:in `new'
activerecord (5.1.4) lib/active_record/connection_adapters/postgresql_adapter.rb:38:in `postgresql_connection'
activerecord (5.1.4) lib/active_record/connection_adapters/abstract/connection_pool.rb:759:in `new_connection'
activerecord (5.1.4) lib/active_record/connection_adapters/abstract/connection_pool.rb:803:in `checkout_new_connection'
activerecord (5.1.4) lib/active_record/connection_adapters/abstract/connection_pool.rb:782:in `try_to_checkout_new_connection'
activerecord (5.1.4) lib/active_record/connection_adapters/abstract/connection_pool.rb:743:in `acquire_connection'
activerecord (5.1.4) lib/active_record/connection_adapters/abstract/connection_pool.rb:500:in `checkout'
activerecord (5.1.4) lib/active_record/connection_adapters/abstract/connection_pool.rb:374:in `connection'
activerecord (5.1.4) lib/active_record/connection_adapters/abstract/connection_pool.rb:931:in `retrieve_connection'
activerecord (5.1.4) lib/active_record/connection_handling.rb:116:in `retrieve_connection'
activerecord (5.1.4) lib/active_record/connection_handling.rb:88:in `connection'
activerecord (5.1.4) lib/active_record/migration.rb:562:in `connection'
activerecord (5.1.4) lib/active_record/migration.rb:553:in `call'
actionpack (5.1.4) lib/action_dispatch/middleware/callbacks.rb:26:in `block in call'
activesupport (5.1.4) lib/active_support/callbacks.rb:97:in `run_callbacks'
actionpack (5.1.4) lib/action_dispatch/middleware/callbacks.rb:24:in `call'
actionpack (5.1.4) lib/action_dispatch/middleware/executor.rb:12:in `call'
actionpack (5.1.4) lib/action_dispatch/middleware/debug_exceptions.rb:59:in `call'
web-console (3.5.1) lib/web_console/middleware.rb:135:in `call_app'
web-console (3.5.1) lib/web_console/middleware.rb:28:in `block in call'
web-console (3.5.1) lib/web_console/middleware.rb:18:in `catch'
web-console (3.5.1) lib/web_console/middleware.rb:18:in `call'
actionpack (5.1.4) lib/action_dispatch/middleware/show_exceptions.rb:31:in `call'
railties (5.1.4) lib/rails/rack/logger.rb:36:in `call_app'
railties (5.1.4) lib/rails/rack/logger.rb:24:in `block in call'
activesupport (5.1.4) lib/active_support/tagged_logging.rb:69:in `block in tagged'
activesupport (5.1.4) lib/active_support/tagged_logging.rb:26:in `tagged'
activesupport (5.1.4) lib/active_support/tagged_logging.rb:69:in `tagged'
railties (5.1.4) lib/rails/rack/logger.rb:24:in `call'
sprockets-rails (3.2.1) lib/sprockets/rails/quiet_assets.rb:13:in `call'
actionpack (5.1.4) lib/action_dispatch/middleware/remote_ip.rb:79:in `call'
actionpack (5.1.4) lib/action_dispatch/middleware/request_id.rb:25:in `call'
rack (2.0.3) lib/rack/method_override.rb:22:in `call'
rack (2.0.3) lib/rack/runtime.rb:22:in `call'
activesupport (5.1.4) lib/active_support/cache/strategy/local_cache_middleware.rb:27:in `call'
actionpack (5.1.4) lib/action_dispatch/middleware/executor.rb:12:in `call'
actionpack (5.1.4) lib/action_dispatch/middleware/static.rb:125:in `call'
rack (2.0.3) lib/rack/sendfile.rb:111:in `call'
railties (5.1.4) lib/rails/engine.rb:522:in `call'
puma (3.10.0) lib/puma/configuration.rb:225:in `call'
puma (3.10.0) lib/puma/server.rb:605:in `handle_request'
puma (3.10.0) lib/puma/server.rb:437:in `process_client'
puma (3.10.0) lib/puma/server.rb:301:in `block in run'
puma (3.10.0) lib/puma/thread_pool.rb:120:in `block in spawn_thread'
  [1m[35mSQL (7.4ms)[0m  [1m[35mCREATE EXTENSION IF NOT EXISTS "plpgsql"[0m
  [1m[35m (6.5ms)[0m  [1m[35mDROP TABLE IF EXISTS "messages" CASCADE[0m
  [1m[35m (29.7ms)[0m  [1m[35mCREATE TABLE "messages" ("id" bigserial primary key, "content" character varying, "created_at" timestamp NOT NULL, "updated_at" timestamp NOT NULL)[0m
  [1m[35m (5.5ms)[0m  [1m[35mCREATE TABLE "schema_migrations" ("version" character varying NOT NULL PRIMARY KEY)[0m
  [1m[35m (0.7ms)[0m  [1m[34mSELECT "schema_migrations"."version" FROM "schema_migrations" ORDER BY "schema_migrations"."version" ASC[0m
  [1m[35m (1.8ms)[0m  [1m[32mINSERT INTO "schema_migrations" (version) VALUES (20171022110157)[0m
  [1m[35m (25.4ms)[0m  [1m[35mCREATE TABLE "ar_internal_metadata" ("key" character varying NOT NULL PRIMARY KEY, "value" character varying, "created_at" timestamp NOT NULL, "updated_at" timestamp NOT NULL)[0m
  [1m[36mActiveRecord::InternalMetadata Load (0.4ms)[0m  [1m[34mSELECT  "ar_internal_metadata".* FROM "ar_internal_metadata" WHERE "ar_internal_metadata"."key" = $1 LIMIT $2[0m  [["key", "environment"], ["LIMIT", 1]]
  [1m[35m (0.2ms)[0m  [1m[35mBEGIN[0m
  [1m[35mSQL (1.5ms)[0m  [1m[32mINSERT INTO "ar_internal_metadata" ("key", "value", "created_at", "updated_at") VALUES ($1, $2, $3, $4) RETURNING "key"[0m  [["key", "environment"], ["value", "development"], ["created_at", "2017-10-29 00:37:33.824944"], ["updated_at", "2017-10-29 00:37:33.824944"]]
  [1m[35m (0.5ms)[0m  [1m[35mCOMMIT[0m
  [1m[36mActiveRecord::InternalMetadata Load (0.9ms)[0m  [1m[34mSELECT  "ar_internal_metadata".* FROM "ar_internal_metadata" WHERE "ar_internal_metadata"."key" = $1 LIMIT $2[0m  [["key", "environment"], ["LIMIT", 1]]
  [1m[35m (0.1ms)[0m  [1m[35mBEGIN[0m
  [1m[35m (0.1ms)[0m  [1m[35mCOMMIT[0m
  [1m[35mSQL (0.8ms)[0m  [1m[35mCREATE EXTENSION IF NOT EXISTS "plpgsql"[0m
  [1m[35m (0.4ms)[0m  [1m[35mDROP TABLE IF EXISTS "messages" CASCADE[0m
  [1m[35m (9.2ms)[0m  [1m[35mCREATE TABLE "messages" ("id" bigserial primary key, "content" character varying, "created_at" timestamp NOT NULL, "updated_at" timestamp NOT NULL)[0m
  [1m[35m (4.8ms)[0m  [1m[35mCREATE TABLE "schema_migrations" ("version" character varying NOT NULL PRIMARY KEY)[0m
  [1m[35m (0.9ms)[0m  [1m[34mSELECT "schema_migrations"."version" FROM "schema_migrations" ORDER BY "schema_migrations"."version" ASC[0m
  [1m[35m (1.8ms)[0m  [1m[32mINSERT INTO "schema_migrations" (version) VALUES (20171022110157)[0m
  [1m[35m (4.0ms)[0m  [1m[35mCREATE TABLE "ar_internal_metadata" ("key" character varying NOT NULL PRIMARY KEY, "value" character varying, "created_at" timestamp NOT NULL, "updated_at" timestamp NOT NULL)[0m
  [1m[36mActiveRecord::InternalMetadata Load (0.4ms)[0m  [1m[34mSELECT  "ar_internal_metadata".* FROM "ar_internal_metadata" WHERE "ar_internal_metadata"."key" = $1 LIMIT $2[0m  [["key", "environment"], ["LIMIT", 1]]
  [1m[35m (0.2ms)[0m  [1m[35mBEGIN[0m
  [1m[35mSQL (0.8ms)[0m  [1m[32mINSERT INTO "ar_internal_metadata" ("key", "value", "created_at", "updated_at") VALUES ($1, $2, $3, $4) RETURNING "key"[0m  [["key", "environment"], ["value", "development"], ["created_at", "2017-10-29 00:37:33.908621"], ["updated_at", "2017-10-29 00:37:33.908621"]]
  [1m[35m (0.5ms)[0m  [1m[35mCOMMIT[0m
  [1m[36mActiveRecord::InternalMetadata Load (0.5ms)[0m  [1m[34mSELECT  "ar_internal_metadata".* FROM "ar_internal_metadata" WHERE "ar_internal_metadata"."key" = $1 LIMIT $2[0m  [["key", "environment"], ["LIMIT", 1]]
  [1m[35m (0.5ms)[0m  [1m[35mBEGIN[0m
  [1m[35m (0.7ms)[0m  [1m[35mCOMMIT[0m
  [1m[35m (1.6ms)[0m  [1m[34mSELECT "schema_migrations"."version" FROM "schema_migrations" ORDER BY "schema_migrations"."version" ASC[0m
  [1m[35m (1.1ms)[0m  [1m[34mSELECT "schema_migrations"."version" FROM "schema_migrations" ORDER BY "schema_migrations"."version" ASC[0m
  [1m[35m (0.3ms)[0m  [1m[34mSELECT "ar_internal_metadata"."value" FROM "ar_internal_metadata" WHERE "ar_internal_metadata"."key" = $1[0m  [["key", "environment"]]
  [1m[35m (0.2ms)[0m  [1m[34mSELECT "schema_migrations"."version" FROM "schema_migrations" ORDER BY "schema_migrations"."version" ASC[0m
  [1m[35m (0.3ms)[0m  [1m[34mSELECT "ar_internal_metadata"."value" FROM "ar_internal_metadata" WHERE "ar_internal_metadata"."key" = $1[0m  [["key", "environment"]]
  [1m[35m (0.3ms)[0m  [1m[34mSELECT "schema_migrations"."version" FROM "schema_migrations" ORDER BY "schema_migrations"."version" ASC[0m
  [1m[35m (0.3ms)[0m  [1m[34mSELECT "ar_internal_metadata"."value" FROM "ar_internal_metadata" WHERE "ar_internal_metadata"."key" = $1[0m  [["key", "environment"]]
  [1m[35mSQL (0.3ms)[0m  [1m[35mCREATE EXTENSION IF NOT EXISTS "plpgsql"[0m
  [1m[35m (5.9ms)[0m  [1m[35mDROP TABLE IF EXISTS "messages" CASCADE[0m
  [1m[35m (5.8ms)[0m  [1m[35mCREATE TABLE "messages" ("id" bigserial primary key, "content" character varying, "created_at" timestamp NOT NULL, "updated_at" timestamp NOT NULL)[0m
  [1m[35m (1.0ms)[0m  [1m[34mSELECT "schema_migrations"."version" FROM "schema_migrations" ORDER BY "schema_migrations"."version" ASC[0m
  [1m[36mActiveRecord::InternalMetadata Load (3.0ms)[0m  [1m[34mSELECT  "ar_internal_metadata".* FROM "ar_internal_metadata" WHERE "ar_internal_metadata"."key" = $1 LIMIT $2[0m  [["key", "environment"], ["LIMIT", 1]]
  [1m[35m (0.2ms)[0m  [1m[35mBEGIN[0m
  [1m[35m (0.2ms)[0m  [1m[35mCOMMIT[0m
  [1m[36mActiveRecord::InternalMetadata Load (0.2ms)[0m  [1m[34mSELECT  "ar_internal_metadata".* FROM "ar_internal_metadata" WHERE "ar_internal_metadata"."key" = $1 LIMIT $2[0m  [["key", "environment"], ["LIMIT", 1]]
  [1m[35m (0.1ms)[0m  [1m[35mBEGIN[0m
  [1m[35m (0.1ms)[0m  [1m[35mCOMMIT[0m
  [1m[35mSQL (0.5ms)[0m  [1m[35mCREATE EXTENSION IF NOT EXISTS "plpgsql"[0m
  [1m[35m (10.3ms)[0m  [1m[35mDROP TABLE IF EXISTS "messages" CASCADE[0m
  [1m[35m (11.4ms)[0m  [1m[35mCREATE TABLE "messages" ("id" bigserial primary key, "content" character varying, "created_at" timestamp NOT NULL, "updated_at" timestamp NOT NULL)[0m
  [1m[35m (1.5ms)[0m  [1m[34mSELECT "schema_migrations"."version" FROM "schema_migrations" ORDER BY "schema_migrations"."version" ASC[0m
  [1m[36mActiveRecord::InternalMetadata Load (0.5ms)[0m  [1m[34mSELECT  "ar_internal_metadata".* FROM "ar_internal_metadata" WHERE "ar_internal_metadata"."key" = $1 LIMIT $2[0m  [["key", "environment"], ["LIMIT", 1]]
  [1m[35m (0.2ms)[0m  [1m[35mBEGIN[0m
  [1m[35m (0.2ms)[0m  [1m[35mCOMMIT[0m
  [1m[36mActiveRecord::InternalMetadata Load (0.4ms)[0m  [1m[34mSELECT  "ar_internal_metadata".* FROM "ar_internal_metadata" WHERE "ar_internal_metadata"."key" = $1 LIMIT $2[0m  [["key", "environment"], ["LIMIT", 1]]
  [1m[35m (0.2ms)[0m  [1m[35mBEGIN[0m
  [1m[35m (0.1ms)[0m  [1m[35mCOMMIT[0m
Started GET "/messages" for 127.0.0.1 at 2017-10-29 02:38:35 +0200
  [1m[35m (0.9ms)[0m  [1m[34mSELECT "schema_migrations"."version" FROM "schema_migrations" ORDER BY "schema_migrations"."version" ASC[0m
Processing by MessagesController#index as HTML
  [1m[36mMessage Load (6.7ms)[0m  [1m[34mSELECT "messages".* FROM "messages"[0m
Completed 200 OK in 42ms (Views: 2.0ms | ActiveRecord: 27.2ms)


Started POST "/messages" for 127.0.0.1 at 2017-10-29 02:38:58 +0200
Processing by MessagesController#create as HTML
  Parameters: {"content"=>"Siema", "message"=>{"content"=>"Siema"}}
Unpermitted parameter: :message
  [1m[35m (0.2ms)[0m  [1m[35mBEGIN[0m
  [1m[35mSQL (0.9ms)[0m  [1m[32mINSERT INTO "messages" ("content", "created_at", "updated_at") VALUES ($1, $2, $3) RETURNING "id"[0m  [["content", "Siema"], ["created_at", "2017-10-29 00:38:58.780070"], ["updated_at", "2017-10-29 00:38:58.780070"]]
  [1m[35m (0.4ms)[0m  [1m[35mCOMMIT[0m
Completed 201 Created in 36ms (Views: 1.6ms | ActiveRecord: 34.6ms)


Started POST "/messages" for 127.0.0.1 at 2017-10-29 02:39:01 +0200
Processing by MessagesController#create as HTML
  Parameters: {"content"=>"xd", "message"=>{"content"=>"xd"}}
Unpermitted parameter: :message
  [1m[35m (0.3ms)[0m  [1m[35mBEGIN[0m
  [1m[35mSQL (0.4ms)[0m  [1m[32mINSERT INTO "messages" ("content", "created_at", "updated_at") VALUES ($1, $2, $3) RETURNING "id"[0m  [["content", "xd"], ["created_at", "2017-10-29 00:39:01.976194"], ["updated_at", "2017-10-29 00:39:01.976194"]]
  [1m[35m (1.3ms)[0m  [1m[35mCOMMIT[0m
Completed 201 Created in 6ms (Views: 0.3ms | ActiveRecord: 2.0ms)


Started GET "/messages" for 127.0.0.1 at 2017-10-29 02:39:05 +0200
Processing by MessagesController#index as HTML
  [1m[36mMessage Load (0.3ms)[0m  [1m[34mSELECT "messages".* FROM "messages"[0m
Completed 200 OK in 3ms (Views: 2.2ms | ActiveRecord: 0.3ms)


Started GET "/messages" for 127.0.0.1 at 2017-10-29 02:40:24 +0200
Processing by MessagesController#index as */*
  [1m[36mMessage Load (0.4ms)[0m  [1m[34mSELECT "messages".* FROM "messages"[0m
Completed 200 OK in 3ms (Views: 2.2ms | ActiveRecord: 0.4ms)


Started GET "/messages" for 127.0.0.1 at 2017-10-29 02:47:41 +0200
Processing by MessagesController#index as */*
  [1m[36mMessage Load (0.4ms)[0m  [1m[34mSELECT "messages".* FROM "messages"[0m
Completed 200 OK in 3ms (Views: 1.8ms | ActiveRecord: 0.4ms)


Started GET "/messages" for 127.0.0.1 at 2017-10-29 02:48:15 +0200
Processing by MessagesController#index as */*
  [1m[36mMessage Load (0.5ms)[0m  [1m[34mSELECT "messages".* FROM "messages"[0m
Completed 200 OK in 5ms (Views: 4.6ms | ActiveRecord: 0.5ms)


Started GET "/messages" for 127.0.0.1 at 2017-10-29 02:07:37 +0100
Processing by MessagesController#index as */*
  [1m[36mMessage Load (3.3ms)[0m  [1m[34mSELECT "messages".* FROM "messages"[0m
Completed 200 OK in 33ms (Views: 21.7ms | ActiveRecord: 3.3ms)


Started GET "/messages" for 127.0.0.1 at 2017-10-29 02:11:09 +0100
Processing by MessagesController#index as */*
  [1m[36mMessage Load (0.8ms)[0m  [1m[34mSELECT "messages".* FROM "messages"[0m
Completed 200 OK in 10ms (Views: 8.8ms | ActiveRecord: 0.8ms)


Started GET "/messages" for 127.0.0.1 at 2017-11-02 16:26:47 +0100
  [1m[35m (11.5ms)[0m  [1m[34mSELECT "schema_migrations"."version" FROM "schema_migrations" ORDER BY "schema_migrations"."version" ASC[0m
Processing by MessagesController#index as HTML
  [1m[36mMessage Load (6.0ms)[0m  [1m[34mSELECT "messages".* FROM "messages"[0m
Completed 200 OK in 38ms (Views: 6.9ms | ActiveRecord: 8.0ms)


Started GET "/messages" for 127.0.0.1 at 2017-11-02 16:28:57 +0100
Processing by MessagesController#index as HTML
  [1m[36mMessage Load (1.5ms)[0m  [1m[34mSELECT "messages".* FROM "messages"[0m
Completed 200 OK in 105ms (Views: 81.4ms | ActiveRecord: 21.0ms)


Started GET "/messages" for 127.0.0.1 at 2017-11-02 16:29:19 +0100
Processing by MessagesController#index as HTML
  [1m[36mMessage Load (0.0ms)[0m  [1m[34mSELECT "messages".* FROM "messages"[0m
Completed 200 OK in 3ms (Views: 2.4ms | ActiveRecord: 0.0ms)


Started GET "/messages" for 127.0.0.1 at 2017-11-02 16:30:07 +0100
Processing by MessagesController#index as HTML
  [1m[36mMessage Load (0.0ms)[0m  [1m[34mSELECT "messages".* FROM "messages"[0m
Completed 200 OK in 2ms (Views: 2.0ms | ActiveRecord: 0.0ms)


Started GET "/messages" for 127.0.0.1 at 2017-11-02 16:30:15 +0100
Processing by MessagesController#index as HTML
  [1m[36mMessage Load (0.0ms)[0m  [1m[34mSELECT "messages".* FROM "messages"[0m
Completed 200 OK in 2ms (Views: 2.1ms | ActiveRecord: 0.0ms)


Started GET "/messages" for 127.0.0.1 at 2017-11-02 16:30:20 +0100
Processing by MessagesController#index as HTML
  [1m[36mMessage Load (0.5ms)[0m  [1m[34mSELECT "messages".* FROM "messages"[0m
Completed 200 OK in 4ms (Views: 3.7ms | ActiveRecord: 0.5ms)


Started GET "/messages" for 127.0.0.1 at 2017-11-02 16:32:51 +0100
Processing by MessagesController#index as HTML
  [1m[36mMessage Load (0.5ms)[0m  [1m[34mSELECT "messages".* FROM "messages"[0m
Completed 200 OK in 5ms (Views: 4.1ms | ActiveRecord: 0.5ms)


Started GET "/messages" for 127.0.0.1 at 2017-11-02 16:41:39 +0100
Processing by MessagesController#index as HTML
  [1m[36mMessage Load (1.5ms)[0m  [1m[34mSELECT "messages".* FROM "messages"[0m
Completed 200 OK in 55ms (Views: 28.3ms | ActiveRecord: 1.5ms)


Started GET "/messages" for 127.0.0.1 at 2017-11-02 16:44:30 +0100
Processing by MessagesController#index as HTML
  [1m[36mMessage Load (0.5ms)[0m  [1m[34mSELECT "messages".* FROM "messages"[0m
Completed 200 OK in 3ms (Views: 2.3ms | ActiveRecord: 0.5ms)


Started GET "/messages" for 127.0.0.1 at 2017-11-02 16:46:47 +0100
Processing by MessagesController#index as HTML
  [1m[36mMessage Load (11.0ms)[0m  [1m[34mSELECT "messages".* FROM "messages"[0m
Completed 200 OK in 14ms (Views: 2.9ms | ActiveRecord: 11.0ms)


Started GET "/messages" for 127.0.0.1 at 2017-11-02 16:47:07 +0100
Processing by MessagesController#index as HTML
  [1m[36mMessage Load (1.0ms)[0m  [1m[34mSELECT "messages".* FROM "messages"[0m
Completed 200 OK in 9ms (Views: 6.7ms | ActiveRecord: 1.0ms)


Started GET "/messages" for 127.0.0.1 at 2017-11-02 16:47:14 +0100
Processing by MessagesController#index as HTML
  [1m[36mMessage Load (1.0ms)[0m  [1m[34mSELECT "messages".* FROM "messages"[0m
Completed 200 OK in 5ms (Views: 4.0ms | ActiveRecord: 1.0ms)


Started GET "/messages" for 127.0.0.1 at 2017-11-02 16:47:32 +0100
Processing by MessagesController#index as HTML
  [1m[36mMessage Load (0.5ms)[0m  [1m[34mSELECT "messages".* FROM "messages"[0m
Completed 200 OK in 3ms (Views: 1.6ms | ActiveRecord: 0.5ms)


Started GET "/messages" for 127.0.0.1 at 2017-11-02 16:48:53 +0100
Processing by MessagesController#index as HTML
  [1m[36mMessage Load (1.0ms)[0m  [1m[34mSELECT "messages".* FROM "messages"[0m
Completed 200 OK in 3ms (Views: 1.6ms | ActiveRecord: 1.0ms)


Started GET "/messages" for 127.0.0.1 at 2017-11-02 16:57:06 +0100
Processing by MessagesController#index as HTML
  [1m[36mMessage Load (0.5ms)[0m  [1m[34mSELECT "messages".* FROM "messages"[0m
Completed 200 OK in 3ms (Views: 1.9ms | ActiveRecord: 0.5ms)


Started GET "/messages" for 127.0.0.1 at 2017-11-02 17:00:45 +0100
Processing by MessagesController#index as HTML
  [1m[36mMessage Load (1.5ms)[0m  [1m[34mSELECT "messages".* FROM "messages"[0m
Completed 200 OK in 21ms (Views: 14.0ms | ActiveRecord: 1.5ms)


Started GET "/messages" for 127.0.0.1 at 2017-11-02 17:33:23 +0100
Processing by MessagesController#index as HTML
  [1m[36mMessage Load (2.0ms)[0m  [1m[34mSELECT "messages".* FROM "messages"[0m
Completed 200 OK in 45ms (Views: 24.7ms | ActiveRecord: 2.0ms)


Started GET "/messages" for 127.0.0.1 at 2017-11-02 17:48:45 +0100
Processing by MessagesController#index as HTML
  [1m[36mMessage Load (1.5ms)[0m  [1m[34mSELECT "messages".* FROM "messages"[0m
Completed 200 OK in 50ms (Views: 41.7ms | ActiveRecord: 1.5ms)


Started GET "/messages" for 127.0.0.1 at 2017-11-02 21:12:39 +0100
Processing by MessagesController#index as HTML
  [1m[36mMessage Load (2.0ms)[0m  [1m[34mSELECT "messages".* FROM "messages"[0m
Completed 200 OK in 33ms (Views: 22.3ms | ActiveRecord: 2.0ms)


Started GET "/messages" for 127.0.0.1 at 2017-11-02 21:12:51 +0100
Processing by MessagesController#index as HTML
  [1m[36mMessage Load (2.0ms)[0m  [1m[34mSELECT "messages".* FROM "messages"[0m
Completed 200 OK in 10ms (Views: 6.9ms | ActiveRecord: 2.0ms)


Started GET "/messages" for 127.0.0.1 at 2017-11-02 21:13:03 +0100
Processing by MessagesController#index as HTML
  [1m[36mMessage Load (1.0ms)[0m  [1m[34mSELECT "messages".* FROM "messages"[0m
Completed 200 OK in 4ms (Views: 2.1ms | ActiveRecord: 1.0ms)


Started GET "/messages" for 127.0.0.1 at 2017-11-02 21:13:20 +0100
Processing by MessagesController#index as HTML
  [1m[36mMessage Load (1.0ms)[0m  [1m[34mSELECT "messages".* FROM "messages"[0m
Completed 200 OK in 4ms (Views: 2.4ms | ActiveRecord: 1.0ms)


Started GET "/messages" for 127.0.0.1 at 2017-11-02 21:13:31 +0100
Processing by MessagesController#index as HTML
  [1m[36mMessage Load (1.0ms)[0m  [1m[34mSELECT "messages".* FROM "messages"[0m
Completed 200 OK in 3ms (Views: 1.4ms | ActiveRecord: 1.0ms)


Started GET "/messages" for 127.0.0.1 at 2017-11-02 21:14:52 +0100
Processing by MessagesController#index as HTML
  [1m[36mMessage Load (1.0ms)[0m  [1m[34mSELECT "messages".* FROM "messages"[0m
Completed 200 OK in 6ms (Views: 3.8ms | ActiveRecord: 1.0ms)


Started GET "/messages" for 127.0.0.1 at 2017-11-02 21:15:02 +0100
Processing by MessagesController#index as HTML
  [1m[36mMessage Load (1.0ms)[0m  [1m[34mSELECT "messages".* FROM "messages"[0m
Completed 200 OK in 5ms (Views: 4.0ms | ActiveRecord: 1.0ms)


Started GET "/messages" for 127.0.0.1 at 2017-11-02 21:23:59 +0100
Processing by MessagesController#index as HTML
  [1m[36mMessage Load (1.0ms)[0m  [1m[34mSELECT "messages".* FROM "messages"[0m
Completed 200 OK in 18ms (Views: 12.1ms | ActiveRecord: 1.0ms)


Started GET "/messages" for 127.0.0.1 at 2017-11-02 21:24:18 +0100
Processing by MessagesController#index as HTML
  [1m[36mMessage Load (0.5ms)[0m  [1m[34mSELECT "messages".* FROM "messages"[0m
Completed 200 OK in 23ms (Views: 21.8ms | ActiveRecord: 0.5ms)


Started GET "/messages" for 127.0.0.1 at 2017-11-02 21:24:53 +0100
Processing by MessagesController#index as HTML
  [1m[36mMessage Load (0.0ms)[0m  [1m[34mSELECT "messages".* FROM "messages"[0m
Completed 200 OK in 3ms (Views: 2.6ms | ActiveRecord: 0.0ms)


Started GET "/messages" for 127.0.0.1 at 2017-11-02 21:24:55 +0100
Processing by MessagesController#index as HTML
  [1m[36mMessage Load (0.0ms)[0m  [1m[34mSELECT "messages".* FROM "messages"[0m
Completed 200 OK in 3ms (Views: 2.5ms | ActiveRecord: 0.0ms)


Started GET "/messages" for 127.0.0.1 at 2017-11-02 21:48:46 +0100
Processing by MessagesController#index as HTML
  [1m[36mMessage Load (2.0ms)[0m  [1m[34mSELECT "messages".* FROM "messages"[0m
Completed 200 OK in 35ms (Views: 27.9ms | ActiveRecord: 2.0ms)


Started GET "/messages" for 127.0.0.1 at 2017-11-02 21:49:27 +0100
Processing by MessagesController#index as HTML
  [1m[36mMessage Load (1.0ms)[0m  [1m[34mSELECT "messages".* FROM "messages"[0m
Completed 200 OK in 9ms (Views: 6.6ms | ActiveRecord: 1.0ms)


Started GET "/messages" for 127.0.0.1 at 2017-11-02 21:49:50 +0100
Processing by MessagesController#index as HTML
  [1m[36mMessage Load (1.0ms)[0m  [1m[34mSELECT "messages".* FROM "messages"[0m
Completed 200 OK in 5ms (Views: 2.5ms | ActiveRecord: 1.0ms)


Started GET "/messages" for 127.0.0.1 at 2017-11-02 22:14:00 +0100
Processing by MessagesController#index as HTML
  [1m[36mMessage Load (0.5ms)[0m  [1m[34mSELECT "messages".* FROM "messages"[0m
Completed 200 OK in 31ms (Views: 22.9ms | ActiveRecord: 0.5ms)


Started GET "/messages" for 127.0.0.1 at 2017-11-02 22:14:22 +0100
Processing by MessagesController#index as HTML
  [1m[36mMessage Load (2.0ms)[0m  [1m[34mSELECT "messages".* FROM "messages"[0m
Completed 200 OK in 9ms (Views: 6.4ms | ActiveRecord: 2.0ms)


Started GET "/messages" for 127.0.0.1 at 2017-11-02 22:14:39 +0100
Processing by MessagesController#index as HTML
  [1m[36mMessage Load (0.5ms)[0m  [1m[34mSELECT "messages".* FROM "messages"[0m
Completed 200 OK in 3ms (Views: 2.5ms | ActiveRecord: 0.5ms)


Started GET "/messages" for 127.0.0.1 at 2017-11-02 22:15:04 +0100
Processing by MessagesController#index as HTML
  [1m[36mMessage Load (1.0ms)[0m  [1m[34mSELECT "messages".* FROM "messages"[0m
Completed 200 OK in 3ms (Views: 1.0ms | ActiveRecord: 1.0ms)


Started GET "/messages" for 127.0.0.1 at 2017-11-02 22:15:10 +0100
Processing by MessagesController#index as HTML
  [1m[36mMessage Load (0.5ms)[0m  [1m[34mSELECT "messages".* FROM "messages"[0m
Completed 200 OK in 3ms (Views: 1.8ms | ActiveRecord: 0.5ms)


Started GET "/messages" for 127.0.0.1 at 2017-11-02 22:15:21 +0100
Processing by MessagesController#index as HTML
  [1m[36mMessage Load (0.0ms)[0m  [1m[34mSELECT "messages".* FROM "messages"[0m
Completed 200 OK in 3ms (Views: 2.6ms | ActiveRecord: 0.0ms)


Started GET "/messages" for 127.0.0.1 at 2017-11-02 22:16:25 +0100
Processing by MessagesController#index as HTML
  [1m[36mMessage Load (1.0ms)[0m  [1m[34mSELECT "messages".* FROM "messages"[0m
Completed 200 OK in 4ms (Views: 2.3ms | ActiveRecord: 1.0ms)


Started GET "/messages" for 127.0.0.1 at 2017-11-02 22:18:56 +0100
Processing by MessagesController#index as HTML
  [1m[36mMessage Load (1.0ms)[0m  [1m[34mSELECT "messages".* FROM "messages"[0m
Completed 200 OK in 6ms (Views: 4.1ms | ActiveRecord: 1.0ms)


Started GET "/messages" for 127.0.0.1 at 2017-11-02 22:19:15 +0100
Processing by MessagesController#index as HTML
  [1m[36mMessage Load (0.0ms)[0m  [1m[34mSELECT "messages".* FROM "messages"[0m
Completed 200 OK in 3ms (Views: 1.8ms | ActiveRecord: 0.0ms)


Started GET "/messages" for 127.0.0.1 at 2017-11-02 22:19:49 +0100
Processing by MessagesController#index as HTML
  [1m[36mMessage Load (0.0ms)[0m  [1m[34mSELECT "messages".* FROM "messages"[0m
Completed 200 OK in 3ms (Views: 2.3ms | ActiveRecord: 0.0ms)


Started GET "/messages" for 127.0.0.1 at 2017-11-02 22:22:57 +0100
Processing by MessagesController#index as HTML
  [1m[36mMessage Load (0.5ms)[0m  [1m[34mSELECT "messages".* FROM "messages"[0m
Completed 200 OK in 3ms (Views: 2.2ms | ActiveRecord: 0.5ms)


Started GET "/messages" for 127.0.0.1 at 2017-11-02 22:23:10 +0100
Processing by MessagesController#index as HTML
  [1m[36mMessage Load (1.0ms)[0m  [1m[34mSELECT "messages".* FROM "messages"[0m
Completed 200 OK in 3ms (Views: 1.3ms | ActiveRecord: 1.0ms)


Started GET "/messages" for 127.0.0.1 at 2017-11-02 22:29:55 +0100
Processing by MessagesController#index as HTML
  [1m[36mMessage Load (3.0ms)[0m  [1m[34mSELECT "messages".* FROM "messages"[0m
Completed 200 OK in 28ms (Views: 15.0ms | ActiveRecord: 3.0ms)


Started GET "/messages" for 127.0.0.1 at 2017-11-02 22:32:11 +0100
Processing by MessagesController#index as HTML
  [1m[36mMessage Load (1.5ms)[0m  [1m[34mSELECT "messages".* FROM "messages"[0m
Completed 200 OK in 9ms (Views: 7.2ms | ActiveRecord: 1.5ms)


Started GET "/messages" for 127.0.0.1 at 2017-11-02 22:39:24 +0100
Processing by MessagesController#index as HTML
  [1m[36mMessage Load (1.5ms)[0m  [1m[34mSELECT "messages".* FROM "messages"[0m
Completed 200 OK in 19ms (Views: 11.1ms | ActiveRecord: 1.5ms)


Started GET "/messages" for 127.0.0.1 at 2017-11-02 22:43:16 +0100
Processing by MessagesController#index as HTML
  [1m[36mMessage Load (2.0ms)[0m  [1m[34mSELECT "messages".* FROM "messages"[0m
Completed 200 OK in 8ms (Views: 5.3ms | ActiveRecord: 2.0ms)


Started GET "/messages" for 127.0.0.1 at 2017-11-02 22:50:41 +0100
Processing by MessagesController#index as HTML
  [1m[36mMessage Load (2.0ms)[0m  [1m[34mSELECT "messages".* FROM "messages"[0m
Completed 200 OK in 81ms (Views: 72.3ms | ActiveRecord: 2.0ms)


Started GET "/messages" for 127.0.0.1 at 2017-11-02 22:50:55 +0100
Processing by MessagesController#index as HTML
  [1m[36mMessage Load (1.0ms)[0m  [1m[34mSELECT "messages".* FROM "messages"[0m
Completed 200 OK in 6ms (Views: 4.1ms | ActiveRecord: 1.0ms)


Started GET "/messages" for 127.0.0.1 at 2017-11-02 22:51:35 +0100
Processing by MessagesController#index as HTML
  [1m[36mMessage Load (0.5ms)[0m  [1m[34mSELECT "messages".* FROM "messages"[0m
Completed 200 OK in 3ms (Views: 1.7ms | ActiveRecord: 0.5ms)


Started GET "/messages" for 127.0.0.1 at 2017-11-02 23:10:02 +0100
Processing by MessagesController#index as HTML
  [1m[36mMessage Load (2.0ms)[0m  [1m[34mSELECT "messages".* FROM "messages"[0m
Completed 200 OK in 25ms (Views: 17.1ms | ActiveRecord: 2.0ms)


Started GET "/messages" for 127.0.0.1 at 2017-11-02 23:11:55 +0100
Processing by MessagesController#index as HTML
  [1m[36mMessage Load (0.5ms)[0m  [1m[34mSELECT "messages".* FROM "messages"[0m
Completed 200 OK in 7ms (Views: 5.5ms | ActiveRecord: 0.5ms)


Started GET "/messages" for 127.0.0.1 at 2017-11-02 23:12:40 +0100
Processing by MessagesController#index as HTML
  [1m[36mMessage Load (0.5ms)[0m  [1m[34mSELECT "messages".* FROM "messages"[0m
Completed 200 OK in 3ms (Views: 2.2ms | ActiveRecord: 0.5ms)


Started GET "/messages" for 127.0.0.1 at 2017-11-02 23:12:58 +0100
Processing by MessagesController#index as HTML
  [1m[36mMessage Load (0.5ms)[0m  [1m[34mSELECT "messages".* FROM "messages"[0m
Completed 200 OK in 3ms (Views: 2.4ms | ActiveRecord: 0.5ms)


Started GET "/messages" for 127.0.0.1 at 2017-11-02 23:16:32 +0100
Processing by MessagesController#index as HTML
  [1m[36mMessage Load (0.5ms)[0m  [1m[34mSELECT "messages".* FROM "messages"[0m
Completed 200 OK in 4ms (Views: 2.4ms | ActiveRecord: 0.5ms)


Started GET "/messages" for 127.0.0.1 at 2017-11-02 23:16:39 +0100
Processing by MessagesController#index as HTML
  [1m[36mMessage Load (0.5ms)[0m  [1m[34mSELECT "messages".* FROM "messages"[0m
Completed 200 OK in 4ms (Views: 2.2ms | ActiveRecord: 0.5ms)


Started GET "/messages" for 127.0.0.1 at 2017-11-02 23:16:50 +0100
Processing by MessagesController#index as HTML
  [1m[36mMessage Load (0.5ms)[0m  [1m[34mSELECT "messages".* FROM "messages"[0m
Completed 200 OK in 3ms (Views: 1.6ms | ActiveRecord: 0.5ms)


Started GET "/messages" for 127.0.0.1 at 2017-11-02 23:19:44 +0100
Processing by MessagesController#index as HTML
  [1m[36mMessage Load (0.5ms)[0m  [1m[34mSELECT "messages".* FROM "messages"[0m
Completed 200 OK in 3ms (Views: 1.9ms | ActiveRecord: 0.5ms)


Started GET "/messages" for 127.0.0.1 at 2017-11-02 23:19:49 +0100
Processing by MessagesController#index as HTML
  [1m[36mMessage Load (1.0ms)[0m  [1m[34mSELECT "messages".* FROM "messages"[0m
Completed 200 OK in 4ms (Views: 1.9ms | ActiveRecord: 1.0ms)


Started GET "/messages" for 127.0.0.1 at 2017-11-02 23:19:52 +0100
Processing by MessagesController#index as HTML
  [1m[36mMessage Load (0.5ms)[0m  [1m[34mSELECT "messages".* FROM "messages"[0m
Completed 200 OK in 2ms (Views: 1.3ms | ActiveRecord: 0.5ms)


Started GET "/messages" for 127.0.0.1 at 2017-11-02 23:20:13 +0100
Processing by MessagesController#index as HTML
  [1m[36mMessage Load (0.5ms)[0m  [1m[34mSELECT "messages".* FROM "messages"[0m
Completed 200 OK in 7ms (Views: 3.4ms | ActiveRecord: 0.5ms)


Started GET "/messages" for 127.0.0.1 at 2017-11-02 23:22:19 +0100
Processing by MessagesController#index as HTML
  [1m[36mMessage Load (1.0ms)[0m  [1m[34mSELECT "messages".* FROM "messages"[0m
Completed 200 OK in 4ms (Views: 1.7ms | ActiveRecord: 1.0ms)


Started GET "/messages" for 127.0.0.1 at 2017-11-02 23:22:30 +0100
Processing by MessagesController#index as HTML
  [1m[36mMessage Load (0.5ms)[0m  [1m[34mSELECT "messages".* FROM "messages"[0m
Completed 200 OK in 3ms (Views: 2.3ms | ActiveRecord: 0.5ms)


Started GET "/messages" for 127.0.0.1 at 2017-11-02 23:23:46 +0100
Processing by MessagesController#index as HTML
  [1m[36mMessage Load (1.5ms)[0m  [1m[34mSELECT "messages".* FROM "messages"[0m
Completed 200 OK in 5ms (Views: 3.0ms | ActiveRecord: 1.5ms)


Started GET "/messages" for 127.0.0.1 at 2017-11-02 23:23:53 +0100
Processing by MessagesController#index as HTML
  [1m[36mMessage Load (3.0ms)[0m  [1m[34mSELECT "messages".* FROM "messages"[0m
Completed 200 OK in 7ms (Views: 3.2ms | ActiveRecord: 3.0ms)


Started GET "/messages" for 127.0.0.1 at 2017-11-02 23:23:58 +0100
Processing by MessagesController#index as HTML
  [1m[36mMessage Load (0.5ms)[0m  [1m[34mSELECT "messages".* FROM "messages"[0m
Completed 200 OK in 4ms (Views: 2.4ms | ActiveRecord: 0.5ms)


Started GET "/messages" for 127.0.0.1 at 2017-11-02 23:24:47 +0100
Processing by MessagesController#index as HTML
  [1m[36mMessage Load (2.0ms)[0m  [1m[34mSELECT "messages".* FROM "messages"[0m
Completed 200 OK in 8ms (Views: 5.0ms | ActiveRecord: 2.0ms)


Started GET "/messages" for 127.0.0.1 at 2017-11-02 23:24:52 +0100
Processing by MessagesController#index as HTML
  [1m[36mMessage Load (1.0ms)[0m  [1m[34mSELECT "messages".* FROM "messages"[0m
Completed 200 OK in 6ms (Views: 3.9ms | ActiveRecord: 1.0ms)


Started GET "/messages" for 127.0.0.1 at 2017-11-02 23:26:25 +0100
Processing by MessagesController#index as HTML
  [1m[36mMessage Load (1.5ms)[0m  [1m[34mSELECT "messages".* FROM "messages"[0m
Completed 200 OK in 6ms (Views: 3.6ms | ActiveRecord: 1.5ms)


Started GET "/messages" for 127.0.0.1 at 2017-11-02 23:26:33 +0100
Processing by MessagesController#index as HTML
  [1m[36mMessage Load (1.5ms)[0m  [1m[34mSELECT "messages".* FROM "messages"[0m
Completed 200 OK in 8ms (Views: 5.5ms | ActiveRecord: 1.5ms)


Started GET "/messages" for 127.0.0.1 at 2017-11-02 23:38:00 +0100
Processing by MessagesController#index as HTML
  [1m[36mMessage Load (1.5ms)[0m  [1m[34mSELECT "messages".* FROM "messages"[0m
Completed 200 OK in 26ms (Views: 18.8ms | ActiveRecord: 1.5ms)


Started GET "/messages" for 127.0.0.1 at 2017-11-02 23:38:37 +0100
Processing by MessagesController#index as HTML
  [1m[36mMessage Load (2.0ms)[0m  [1m[34mSELECT "messages".* FROM "messages"[0m
Completed 200 OK in 9ms (Views: 6.5ms | ActiveRecord: 2.0ms)


Started GET "/messages" for 127.0.0.1 at 2017-11-02 23:39:12 +0100
Processing by MessagesController#index as HTML
  [1m[36mMessage Load (0.5ms)[0m  [1m[34mSELECT "messages".* FROM "messages"[0m
Completed 200 OK in 4ms (Views: 2.3ms | ActiveRecord: 0.5ms)


Started GET "/messages" for 127.0.0.1 at 2017-11-02 23:39:24 +0100
Processing by MessagesController#index as HTML
  [1m[36mMessage Load (0.0ms)[0m  [1m[34mSELECT "messages".* FROM "messages"[0m
Completed 200 OK in 3ms (Views: 1.9ms | ActiveRecord: 0.0ms)


Started GET "/messages" for 127.0.0.1 at 2017-11-02 23:40:43 +0100
Processing by MessagesController#index as HTML
  [1m[36mMessage Load (1.5ms)[0m  [1m[34mSELECT "messages".* FROM "messages"[0m
Completed 200 OK in 7ms (Views: 4.1ms | ActiveRecord: 1.5ms)


Started GET "/messages" for 127.0.0.1 at 2017-11-02 23:42:19 +0100
Processing by MessagesController#index as HTML
  [1m[36mMessage Load (1.0ms)[0m  [1m[34mSELECT "messages".* FROM "messages"[0m
Completed 200 OK in 6ms (Views: 4.0ms | ActiveRecord: 1.0ms)


Started GET "/messages" for 127.0.0.1 at 2017-11-02 23:42:38 +0100
Processing by MessagesController#index as HTML
  [1m[36mMessage Load (1.0ms)[0m  [1m[34mSELECT "messages".* FROM "messages"[0m
Completed 200 OK in 6ms (Views: 4.6ms | ActiveRecord: 1.0ms)


Started GET "/messages" for 127.0.0.1 at 2017-11-02 23:46:33 +0100
Processing by MessagesController#index as HTML
  [1m[36mMessage Load (1.5ms)[0m  [1m[34mSELECT "messages".* FROM "messages"[0m
Completed 200 OK in 36ms (Views: 25.3ms | ActiveRecord: 1.5ms)


Started GET "/messages" for 127.0.0.1 at 2017-11-02 23:47:12 +0100
Processing by MessagesController#index as HTML
  [1m[36mMessage Load (1.0ms)[0m  [1m[34mSELECT "messages".* FROM "messages"[0m
Completed 200 OK in 9ms (Views: 6.5ms | ActiveRecord: 1.0ms)


Started GET "/messages" for 127.0.0.1 at 2017-11-02 23:47:23 +0100
Processing by MessagesController#index as HTML
  [1m[36mMessage Load (14.5ms)[0m  [1m[34mSELECT "messages".* FROM "messages"[0m
Completed 200 OK in 34ms (Views: 18.6ms | ActiveRecord: 14.5ms)


Started GET "/messages" for 127.0.0.1 at 2017-11-02 23:48:38 +0100
Processing by MessagesController#index as HTML
  [1m[36mMessage Load (0.5ms)[0m  [1m[34mSELECT "messages".* FROM "messages"[0m
Completed 200 OK in 8ms (Views: 6.3ms | ActiveRecord: 0.5ms)


Started GET "/messages" for 127.0.0.1 at 2017-11-02 23:49:11 +0100
Processing by MessagesController#index as HTML
  [1m[36mMessage Load (0.5ms)[0m  [1m[34mSELECT "messages".* FROM "messages"[0m
Completed 200 OK in 11ms (Views: 9.5ms | ActiveRecord: 0.5ms)


Started GET "/messages" for 127.0.0.1 at 2017-11-02 23:49:51 +0100
Processing by MessagesController#index as HTML
  [1m[36mMessage Load (0.5ms)[0m  [1m[34mSELECT "messages".* FROM "messages"[0m
Completed 200 OK in 3ms (Views: 2.2ms | ActiveRecord: 0.5ms)


Started GET "/messages" for 127.0.0.1 at 2017-11-02 23:50:41 +0100
Processing by MessagesController#index as HTML
  [1m[36mMessage Load (0.5ms)[0m  [1m[34mSELECT "messages".* FROM "messages"[0m
Completed 200 OK in 8ms (Views: 6.9ms | ActiveRecord: 0.5ms)


Started GET "/messages" for 127.0.0.1 at 2017-11-02 23:51:02 +0100
Processing by MessagesController#index as HTML
  [1m[36mMessage Load (0.5ms)[0m  [1m[34mSELECT "messages".* FROM "messages"[0m
Completed 200 OK in 3ms (Views: 1.8ms | ActiveRecord: 0.5ms)


Started GET "/messages" for 127.0.0.1 at 2017-11-02 23:51:14 +0100
Processing by MessagesController#index as HTML
  [1m[36mMessage Load (0.0ms)[0m  [1m[34mSELECT "messages".* FROM "messages"[0m
Completed 200 OK in 3ms (Views: 2.6ms | ActiveRecord: 0.0ms)


Started GET "/messages" for 127.0.0.1 at 2017-11-02 23:52:00 +0100
Processing by MessagesController#index as HTML
  [1m[36mMessage Load (0.5ms)[0m  [1m[34mSELECT "messages".* FROM "messages"[0m
Completed 200 OK in 3ms (Views: 1.7ms | ActiveRecord: 0.5ms)


Started GET "/messages" for 127.0.0.1 at 2017-11-02 23:52:51 +0100
Processing by MessagesController#index as HTML
  [1m[36mMessage Load (0.5ms)[0m  [1m[34mSELECT "messages".* FROM "messages"[0m
Completed 200 OK in 3ms (Views: 1.8ms | ActiveRecord: 0.5ms)


Started GET "/messages" for 127.0.0.1 at 2017-11-02 23:53:06 +0100
Processing by MessagesController#index as HTML
  [1m[36mMessage Load (0.5ms)[0m  [1m[34mSELECT "messages".* FROM "messages"[0m
Completed 200 OK in 4ms (Views: 2.1ms | ActiveRecord: 0.5ms)


Started GET "/messages" for 127.0.0.1 at 2017-11-02 23:53:38 +0100
Processing by MessagesController#index as HTML
  [1m[36mMessage Load (1.5ms)[0m  [1m[34mSELECT "messages".* FROM "messages"[0m
Completed 200 OK in 6ms (Views: 4.0ms | ActiveRecord: 1.5ms)


Started GET "/messages" for 127.0.0.1 at 2017-11-02 23:53:49 +0100
Processing by MessagesController#index as HTML
  [1m[36mMessage Load (1.0ms)[0m  [1m[34mSELECT "messages".* FROM "messages"[0m
Completed 200 OK in 4ms (Views: 2.1ms | ActiveRecord: 1.0ms)


Started GET "/messages" for 127.0.0.1 at 2017-11-02 23:53:59 +0100
Processing by MessagesController#index as HTML
  [1m[36mMessage Load (0.0ms)[0m  [1m[34mSELECT "messages".* FROM "messages"[0m
Completed 200 OK in 3ms (Views: 2.3ms | ActiveRecord: 0.0ms)


Started GET "/messages" for 127.0.0.1 at 2017-11-02 23:54:14 +0100
Processing by MessagesController#index as HTML
  [1m[36mMessage Load (0.5ms)[0m  [1m[34mSELECT "messages".* FROM "messages"[0m
Completed 200 OK in 5ms (Views: 3.7ms | ActiveRecord: 0.5ms)


Started GET "/messages" for 127.0.0.1 at 2017-11-02 23:58:49 +0100
Processing by MessagesController#index as HTML
  [1m[36mMessage Load (2.5ms)[0m  [1m[34mSELECT "messages".* FROM "messages"[0m
Completed 200 OK in 26ms (Views: 16.0ms | ActiveRecord: 2.5ms)


Started GET "/messages" for 127.0.0.1 at 2017-11-02 23:59:59 +0100
Processing by MessagesController#index as HTML
  [1m[36mMessage Load (2.0ms)[0m  [1m[34mSELECT "messages".* FROM "messages"[0m
Completed 200 OK in 11ms (Views: 8.3ms | ActiveRecord: 2.0ms)


Started GET "/messages" for 127.0.0.1 at 2017-11-03 00:00:00 +0100
Processing by MessagesController#index as HTML
  [1m[36mMessage Load (0.5ms)[0m  [1m[34mSELECT "messages".* FROM "messages"[0m
Completed 200 OK in 3ms (Views: 2.3ms | ActiveRecord: 0.5ms)


Started GET "/messages" for 127.0.0.1 at 2017-11-03 00:01:37 +0100
Processing by MessagesController#index as HTML
  [1m[36mMessage Load (0.0ms)[0m  [1m[34mSELECT "messages".* FROM "messages"[0m
Completed 200 OK in 3ms (Views: 2.5ms | ActiveRecord: 0.0ms)


Started GET "/messages" for 127.0.0.1 at 2017-11-03 00:01:50 +0100
Processing by MessagesController#index as HTML
  [1m[36mMessage Load (0.5ms)[0m  [1m[34mSELECT "messages".* FROM "messages"[0m
Completed 200 OK in 3ms (Views: 1.6ms | ActiveRecord: 0.5ms)


Started GET "/messages" for 127.0.0.1 at 2017-11-03 00:02:15 +0100
Processing by MessagesController#index as HTML
  [1m[36mMessage Load (0.5ms)[0m  [1m[34mSELECT "messages".* FROM "messages"[0m
Completed 200 OK in 4ms (Views: 2.2ms | ActiveRecord: 0.5ms)


Started GET "/messages" for 127.0.0.1 at 2017-11-03 00:03:41 +0100
Processing by MessagesController#index as HTML
  [1m[36mMessage Load (0.0ms)[0m  [1m[34mSELECT "messages".* FROM "messages"[0m
Completed 200 OK in 4ms (Views: 2.7ms | ActiveRecord: 0.0ms)


Started GET "/messages" for 127.0.0.1 at 2017-11-03 00:04:00 +0100
Processing by MessagesController#index as HTML
  [1m[36mMessage Load (0.5ms)[0m  [1m[34mSELECT "messages".* FROM "messages"[0m
Completed 200 OK in 6ms (Views: 3.1ms | ActiveRecord: 0.5ms)


Started GET "/messages" for 127.0.0.1 at 2017-11-03 00:04:02 +0100
Processing by MessagesController#index as HTML
  [1m[36mMessage Load (0.5ms)[0m  [1m[34mSELECT "messages".* FROM "messages"[0m
Completed 200 OK in 3ms (Views: 1.6ms | ActiveRecord: 0.5ms)


Started GET "/messages" for 127.0.0.1 at 2017-11-03 00:05:00 +0100
Processing by MessagesController#index as HTML
  [1m[36mMessage Load (0.5ms)[0m  [1m[34mSELECT "messages".* FROM "messages"[0m
Completed 200 OK in 4ms (Views: 2.2ms | ActiveRecord: 0.5ms)


Started GET "/messages" for 127.0.0.1 at 2017-11-03 00:05:02 +0100
Processing by MessagesController#index as HTML
  [1m[36mMessage Load (0.5ms)[0m  [1m[34mSELECT "messages".* FROM "messages"[0m
Completed 200 OK in 6ms (Views: 4.9ms | ActiveRecord: 0.5ms)


Started GET "/messages" for 127.0.0.1 at 2017-11-03 00:05:50 +0100
Processing by MessagesController#index as HTML
  [1m[36mMessage Load (0.5ms)[0m  [1m[34mSELECT "messages".* FROM "messages"[0m
Completed 200 OK in 4ms (Views: 2.4ms | ActiveRecord: 0.5ms)


Started GET "/messages" for 127.0.0.1 at 2017-11-03 00:05:52 +0100
Processing by MessagesController#index as HTML
  [1m[36mMessage Load (0.5ms)[0m  [1m[34mSELECT "messages".* FROM "messages"[0m
Completed 200 OK in 9ms (Views: 7.4ms | ActiveRecord: 0.5ms)


Started GET "/messages" for 127.0.0.1 at 2017-11-03 00:06:07 +0100
Processing by MessagesController#index as HTML
  [1m[36mMessage Load (0.5ms)[0m  [1m[34mSELECT "messages".* FROM "messages"[0m
Completed 200 OK in 3ms (Views: 2.0ms | ActiveRecord: 0.5ms)


Started GET "/messages" for 127.0.0.1 at 2017-11-03 00:06:09 +0100
Processing by MessagesController#index as HTML
  [1m[36mMessage Load (0.5ms)[0m  [1m[34mSELECT "messages".* FROM "messages"[0m
Completed 200 OK in 3ms (Views: 1.7ms | ActiveRecord: 0.5ms)


Started GET "/messages" for 127.0.0.1 at 2017-11-03 00:06:39 +0100
Processing by MessagesController#index as HTML
  [1m[36mMessage Load (1.0ms)[0m  [1m[34mSELECT "messages".* FROM "messages"[0m
Completed 200 OK in 3ms (Views: 1.0ms | ActiveRecord: 1.0ms)


Started GET "/messages" for 127.0.0.1 at 2017-11-03 00:11:15 +0100
Processing by MessagesController#index as HTML
  [1m[36mMessage Load (1.0ms)[0m  [1m[34mSELECT "messages".* FROM "messages"[0m
Completed 200 OK in 20ms (Views: 13.6ms | ActiveRecord: 1.0ms)


Started GET "/messages" for 127.0.0.1 at 2017-11-03 00:11:49 +0100
Processing by MessagesController#index as HTML
  [1m[36mMessage Load (1.0ms)[0m  [1m[34mSELECT "messages".* FROM "messages"[0m
Completed 200 OK in 29ms (Views: 27.2ms | ActiveRecord: 1.0ms)


Started GET "/messages" for 127.0.0.1 at 2017-11-03 00:11:52 +0100
Processing by MessagesController#index as HTML
  [1m[36mMessage Load (0.5ms)[0m  [1m[34mSELECT "messages".* FROM "messages"[0m
Completed 200 OK in 5ms (Views: 3.0ms | ActiveRecord: 0.5ms)


Started GET "/messages" for 127.0.0.1 at 2017-11-03 00:12:00 +0100
Processing by MessagesController#index as HTML
  [1m[36mMessage Load (0.5ms)[0m  [1m[34mSELECT "messages".* FROM "messages"[0m
Completed 200 OK in 13ms (Views: 9.2ms | ActiveRecord: 0.5ms)


Started GET "/messages" for 127.0.0.1 at 2017-11-03 00:13:44 +0100
Processing by MessagesController#index as HTML
  [1m[36mMessage Load (1.5ms)[0m  [1m[34mSELECT "messages".* FROM "messages"[0m
Completed 200 OK in 21ms (Views: 13.3ms | ActiveRecord: 1.5ms)


Started GET "/messages" for 127.0.0.1 at 2017-11-03 00:13:46 +0100
Processing by MessagesController#index as HTML
  [1m[36mMessage Load (0.0ms)[0m  [1m[34mSELECT "messages".* FROM "messages"[0m
Completed 200 OK in 4ms (Views: 3.6ms | ActiveRecord: 0.0ms)


Started GET "/messages" for 127.0.0.1 at 2017-11-03 00:14:30 +0100
Processing by MessagesController#index as HTML
  [1m[36mMessage Load (1.0ms)[0m  [1m[34mSELECT "messages".* FROM "messages"[0m
Completed 200 OK in 23ms (Views: 21.4ms | ActiveRecord: 1.0ms)


Started GET "/messages" for 127.0.0.1 at 2017-11-03 00:14:54 +0100
Processing by MessagesController#index as HTML
  [1m[36mMessage Load (1.0ms)[0m  [1m[34mSELECT "messages".* FROM "messages"[0m
Completed 200 OK in 3ms (Views: 1.8ms | ActiveRecord: 1.0ms)


Started GET "/messages" for 127.0.0.1 at 2017-11-03 00:15:16 +0100
Processing by MessagesController#index as HTML
  [1m[36mMessage Load (0.0ms)[0m  [1m[34mSELECT "messages".* FROM "messages"[0m
Completed 200 OK in 3ms (Views: 2.4ms | ActiveRecord: 0.0ms)


Started GET "/messages" for 127.0.0.1 at 2017-11-03 00:15:36 +0100
Processing by MessagesController#index as HTML
  [1m[36mMessage Load (1.0ms)[0m  [1m[34mSELECT "messages".* FROM "messages"[0m
Completed 200 OK in 5ms (Views: 3.4ms | ActiveRecord: 1.0ms)


Started GET "/messages" for 127.0.0.1 at 2017-11-03 00:15:43 +0100
Processing by MessagesController#index as HTML
  [1m[36mMessage Load (0.5ms)[0m  [1m[34mSELECT "messages".* FROM "messages"[0m
Completed 200 OK in 4ms (Views: 2.2ms | ActiveRecord: 0.5ms)


Started GET "/messages" for 127.0.0.1 at 2017-11-03 00:15:45 +0100
Processing by MessagesController#index as HTML
  [1m[36mMessage Load (0.0ms)[0m  [1m[34mSELECT "messages".* FROM "messages"[0m
Completed 200 OK in 3ms (Views: 2.3ms | ActiveRecord: 0.0ms)


Started GET "/messages" for 127.0.0.1 at 2017-11-03 00:19:56 +0100
Processing by MessagesController#index as HTML
  [1m[36mMessage Load (3.5ms)[0m  [1m[34mSELECT "messages".* FROM "messages"[0m
Completed 200 OK in 43ms (Views: 31.3ms | ActiveRecord: 3.5ms)


Started GET "/messages" for 127.0.0.1 at 2017-11-03 00:25:43 +0100
Processing by MessagesController#index as HTML
  [1m[36mMessage Load (1.0ms)[0m  [1m[34mSELECT "messages".* FROM "messages"[0m
Completed 200 OK in 8ms (Views: 5.7ms | ActiveRecord: 1.0ms)


Started GET "/messages" for 127.0.0.1 at 2017-11-03 00:25:45 +0100
Processing by MessagesController#index as HTML
  [1m[36mMessage Load (0.5ms)[0m  [1m[34mSELECT "messages".* FROM "messages"[0m
Completed 200 OK in 9ms (Views: 7.2ms | ActiveRecord: 0.5ms)


Started GET "/messages" for 127.0.0.1 at 2017-11-03 00:26:02 +0100
Processing by MessagesController#index as HTML
  [1m[36mMessage Load (1.0ms)[0m  [1m[34mSELECT "messages".* FROM "messages"[0m
Completed 200 OK in 5ms (Views: 1.7ms | ActiveRecord: 1.0ms)


Started GET "/messages" for 127.0.0.1 at 2017-11-03 00:26:10 +0100
Processing by MessagesController#index as HTML
  [1m[36mMessage Load (1.0ms)[0m  [1m[34mSELECT "messages".* FROM "messages"[0m
Completed 200 OK in 4ms (Views: 2.3ms | ActiveRecord: 1.0ms)


Started GET "/messages" for 127.0.0.1 at 2017-11-03 00:26:18 +0100
Processing by MessagesController#index as HTML
  [1m[36mMessage Load (1.0ms)[0m  [1m[34mSELECT "messages".* FROM "messages"[0m
Completed 200 OK in 3ms (Views: 1.5ms | ActiveRecord: 1.0ms)


